2020-09-17T11:20:02,387 [main] INFO  (StartupInfoLogger.java:55) - Starting DigitalAdmissionIntegrationApplication on LAPTOP-7Q71JRRC with PID 10184 (C:\Cea\digital-admission-expurgo\target\classes started by 55119 in C:\Cea\digital-admission-expurgo)
2020-09-17T11:20:02,387 [main] INFO  (SpringApplication.java:655) - The following profiles are active: homo
2020-09-17T11:20:02,818 [main] INFO  (RepositoryConfigurationDelegate.java:127) - Bootstrapping Spring Data JPA repositories in DEFERRED mode.
2020-09-17T11:20:03,003 [main] INFO  (RepositoryConfigurationDelegate.java:187) - Finished Spring Data repository scanning in 165ms. Found 1 JPA repository interfaces.
2020-09-17T11:20:03,619 [main] INFO  (TomcatWebServer.java:108) - Tomcat initialized with port(s): 8080 (http)
2020-09-17T11:20:03,619 [main] INFO  (DirectJDKLog.java:173) - Initializing ProtocolHandler ["http-nio-8080"]
2020-09-17T11:20:03,619 [main] INFO  (DirectJDKLog.java:173) - Starting service [Tomcat]
2020-09-17T11:20:03,619 [main] INFO  (DirectJDKLog.java:173) - Starting Servlet engine: [Apache Tomcat/9.0.37]
2020-09-17T11:20:03,704 [main] INFO  (DirectJDKLog.java:173) - Initializing Spring embedded WebApplicationContext
2020-09-17T11:20:03,704 [main] INFO  (ServletWebServerApplicationContext.java:285) - Root WebApplicationContext: initialization completed in 1271 ms
2020-09-17T11:20:03,937 [main] INFO  (ExecutorConfigurationSupport.java:181) - Initializing ExecutorService 'applicationTaskExecutor'
2020-09-17T11:20:03,937 [main] INFO  (HikariDataSource.java:110) - HikariPool-1 - Starting...
2020-09-17T11:20:05,908 [main] INFO  (PoolBase.java:535) - HikariPool-1 - Driver does not support get/set network timeout for connections. (Receiver class oracle.jdbc.driver.T4CConnection does not define or inherit an implementation of the resolved method abstract getNetworkTimeout()I of interface java.sql.Connection.)
2020-09-17T11:20:05,924 [main] INFO  (HikariDataSource.java:123) - HikariPool-1 - Start completed.
2020-09-17T11:20:05,972 [task-1] INFO  (LogHelper.java:31) - HHH000204: Processing PersistenceUnitInfo [name: default]
2020-09-17T11:20:05,992 [main] WARN  (JpaBaseConfiguration.java:220) - spring.jpa.open-in-view is enabled by default. Therefore, database queries may be performed during view rendering. Explicitly configure spring.jpa.open-in-view to disable this warning
2020-09-17T11:20:06,008 [task-1] INFO  (Version.java:44) - HHH000412: Hibernate ORM core version 5.4.18.Final
2020-09-17T11:20:06,108 [task-1] INFO  (JavaReflectionManager.java:49) - HCANN000001: Hibernate Commons Annotations {5.1.0.Final}
2020-09-17T11:20:06,339 [main] INFO  (DirectJDKLog.java:173) - Starting ProtocolHandler ["http-nio-8080"]
2020-09-17T11:20:06,355 [task-1] INFO  (Dialect.java:172) - HHH000400: Using dialect: org.hibernate.dialect.Oracle10gDialect
2020-09-17T11:20:06,362 [main] INFO  (TomcatWebServer.java:220) - Tomcat started on port(s): 8080 (http) with context path ''
2020-09-17T11:20:06,379 [main] INFO  (DeferredRepositoryInitializationListener.java:49) - Triggering deferred initialization of Spring Data repositories…
2020-09-17T11:20:07,440 [task-1] INFO  (JtaPlatformInitiator.java:52) - HHH000490: Using JtaPlatform implementation: [org.hibernate.engine.transaction.jta.platform.internal.NoJtaPlatform]
2020-09-17T11:20:07,456 [task-1] INFO  (AbstractEntityManagerFactoryBean.java:416) - Initialized JPA EntityManagerFactory for persistence unit 'default'
2020-09-17T11:20:07,794 [main] WARN  (AbstractApplicationContext.java:559) - Exception encountered during context initialization - cancelling refresh attempt: org.springframework.beans.factory.BeanCreationException: Error creating bean with name 'admiDigitalRetornoRepository': FactoryBean threw exception on object creation; nested exception is java.lang.IllegalArgumentException: Failed to create query for method public abstract java.util.List br.com.cea.admission.repository.AdmiDigitalRetornoRepository.findByStatus(java.lang.String)! No property status found for type RhAdmissionRetornoDocly!
2020-09-17T11:20:07,794 [main] INFO  (AbstractEntityManagerFactoryBean.java:598) - Closing JPA EntityManagerFactory for persistence unit 'default'
2020-09-17T11:20:07,794 [main] INFO  (ExecutorConfigurationSupport.java:218) - Shutting down ExecutorService 'applicationTaskExecutor'
2020-09-17T11:20:07,794 [main] INFO  (HikariDataSource.java:350) - HikariPool-1 - Shutdown initiated...
2020-09-17T11:20:08,026 [main] INFO  (HikariDataSource.java:352) - HikariPool-1 - Shutdown completed.
2020-09-17T11:20:08,042 [main] INFO  (DirectJDKLog.java:173) - Pausing ProtocolHandler ["http-nio-8080"]
2020-09-17T11:20:09,262 [main] INFO  (DirectJDKLog.java:173) - Stopping service [Tomcat]
2020-09-17T11:20:09,277 [main] INFO  (DirectJDKLog.java:173) - Stopping ProtocolHandler ["http-nio-8080"]
2020-09-17T11:20:09,277 [main] INFO  (DirectJDKLog.java:173) - Destroying ProtocolHandler ["http-nio-8080"]
2020-09-17T11:20:09,298 [main] INFO  (ConditionEvaluationReportLoggingListener.java:136) - 

Error starting ApplicationContext. To display the conditions report re-run your application with 'debug' enabled.
2020-09-17T11:20:09,277 [http-nio-8080-Acceptor] ERROR (DirectJDKLog.java:175) - Socket accept failed
java.nio.channels.AsynchronousCloseException: null
	at java.nio.channels.spi.AbstractInterruptibleChannel.end(AbstractInterruptibleChannel.java:202) ~[?:?]
	at sun.nio.ch.ServerSocketChannelImpl.end(ServerSocketChannelImpl.java:269) ~[?:?]
	at sun.nio.ch.ServerSocketChannelImpl.accept(ServerSocketChannelImpl.java:288) ~[?:?]
	at org.apache.tomcat.util.net.NioEndpoint.serverSocketAccept(NioEndpoint.java:468) ~[tomcat-embed-core-9.0.37.jar:9.0.37]
	at org.apache.tomcat.util.net.NioEndpoint.serverSocketAccept(NioEndpoint.java:71) ~[tomcat-embed-core-9.0.37.jar:9.0.37]
	at org.apache.tomcat.util.net.Acceptor.run(Acceptor.java:95) [tomcat-embed-core-9.0.37.jar:9.0.37]
	at java.lang.Thread.run(Thread.java:834) [?:?]
2020-09-17T11:20:09,314 [main] ERROR (SpringApplication.java:837) - Application run failed
org.springframework.beans.factory.BeanCreationException: Error creating bean with name 'admiDigitalRetornoRepository': FactoryBean threw exception on object creation; nested exception is java.lang.IllegalArgumentException: Failed to create query for method public abstract java.util.List br.com.cea.admission.repository.AdmiDigitalRetornoRepository.findByStatus(java.lang.String)! No property status found for type RhAdmissionRetornoDocly!
	at org.springframework.beans.factory.support.FactoryBeanRegistrySupport.doGetObjectFromFactoryBean(FactoryBeanRegistrySupport.java:176) ~[spring-beans-5.2.8.RELEASE.jar:5.2.8.RELEASE]
	at org.springframework.beans.factory.support.FactoryBeanRegistrySupport.getObjectFromFactoryBean(FactoryBeanRegistrySupport.java:101) ~[spring-beans-5.2.8.RELEASE.jar:5.2.8.RELEASE]
	at org.springframework.beans.factory.support.AbstractBeanFactory.getObjectForBeanInstance(AbstractBeanFactory.java:1827) ~[spring-beans-5.2.8.RELEASE.jar:5.2.8.RELEASE]
	at org.springframework.beans.factory.support.AbstractAutowireCapableBeanFactory.getObjectForBeanInstance(AbstractAutowireCapableBeanFactory.java:1265) ~[spring-beans-5.2.8.RELEASE.jar:5.2.8.RELEASE]
	at org.springframework.beans.factory.support.AbstractBeanFactory.doGetBean(AbstractBeanFactory.java:334) ~[spring-beans-5.2.8.RELEASE.jar:5.2.8.RELEASE]
	at org.springframework.beans.factory.support.AbstractBeanFactory.getBean(AbstractBeanFactory.java:202) ~[spring-beans-5.2.8.RELEASE.jar:5.2.8.RELEASE]
	at org.springframework.beans.factory.support.DefaultListableBeanFactory.getBeansOfType(DefaultListableBeanFactory.java:624) ~[spring-beans-5.2.8.RELEASE.jar:5.2.8.RELEASE]
	at org.springframework.beans.factory.support.DefaultListableBeanFactory.getBeansOfType(DefaultListableBeanFactory.java:612) ~[spring-beans-5.2.8.RELEASE.jar:5.2.8.RELEASE]
	at org.springframework.data.repository.config.DeferredRepositoryInitializationListener.onApplicationEvent(DeferredRepositoryInitializationListener.java:51) ~[spring-data-commons-2.3.2.RELEASE.jar:2.3.2.RELEASE]
	at org.springframework.data.repository.config.DeferredRepositoryInitializationListener.onApplicationEvent(DeferredRepositoryInitializationListener.java:36) ~[spring-data-commons-2.3.2.RELEASE.jar:2.3.2.RELEASE]
	at org.springframework.context.event.SimpleApplicationEventMulticaster.doInvokeListener(SimpleApplicationEventMulticaster.java:172) ~[spring-context-5.2.8.RELEASE.jar:5.2.8.RELEASE]
	at org.springframework.context.event.SimpleApplicationEventMulticaster.invokeListener(SimpleApplicationEventMulticaster.java:165) ~[spring-context-5.2.8.RELEASE.jar:5.2.8.RELEASE]
	at org.springframework.context.event.SimpleApplicationEventMulticaster.multicastEvent(SimpleApplicationEventMulticaster.java:139) ~[spring-context-5.2.8.RELEASE.jar:5.2.8.RELEASE]
	at org.springframework.context.support.AbstractApplicationContext.publishEvent(AbstractApplicationContext.java:404) ~[spring-context-5.2.8.RELEASE.jar:5.2.8.RELEASE]
	at org.springframework.context.support.AbstractApplicationContext.publishEvent(AbstractApplicationContext.java:361) ~[spring-context-5.2.8.RELEASE.jar:5.2.8.RELEASE]
	at org.springframework.context.support.AbstractApplicationContext.finishRefresh(AbstractApplicationContext.java:898) ~[spring-context-5.2.8.RELEASE.jar:5.2.8.RELEASE]
	at org.springframework.context.support.AbstractApplicationContext.refresh(AbstractApplicationContext.java:554) ~[spring-context-5.2.8.RELEASE.jar:5.2.8.RELEASE]
	at org.springframework.boot.web.servlet.context.ServletWebServerApplicationContext.refresh(ServletWebServerApplicationContext.java:143) ~[spring-boot-2.3.2.RELEASE.jar:2.3.2.RELEASE]
	at org.springframework.boot.SpringApplication.refresh(SpringApplication.java:758) ~[spring-boot-2.3.2.RELEASE.jar:2.3.2.RELEASE]
	at org.springframework.boot.SpringApplication.refresh(SpringApplication.java:750) [spring-boot-2.3.2.RELEASE.jar:2.3.2.RELEASE]
	at org.springframework.boot.SpringApplication.refreshContext(SpringApplication.java:397) [spring-boot-2.3.2.RELEASE.jar:2.3.2.RELEASE]
	at org.springframework.boot.SpringApplication.run(SpringApplication.java:315) [spring-boot-2.3.2.RELEASE.jar:2.3.2.RELEASE]
	at org.springframework.boot.SpringApplication.run(SpringApplication.java:1237) [spring-boot-2.3.2.RELEASE.jar:2.3.2.RELEASE]
	at org.springframework.boot.SpringApplication.run(SpringApplication.java:1226) [spring-boot-2.3.2.RELEASE.jar:2.3.2.RELEASE]
	at br.com.cea.admission.DigitalAdmissionIntegrationApplication.main(DigitalAdmissionIntegrationApplication.java:24) [classes/:?]
Caused by: java.lang.IllegalArgumentException: Failed to create query for method public abstract java.util.List br.com.cea.admission.repository.AdmiDigitalRetornoRepository.findByStatus(java.lang.String)! No property status found for type RhAdmissionRetornoDocly!
	at org.springframework.data.jpa.repository.query.PartTreeJpaQuery.<init>(PartTreeJpaQuery.java:96) ~[spring-data-jpa-2.3.2.RELEASE.jar:2.3.2.RELEASE]
	at org.springframework.data.jpa.repository.query.JpaQueryLookupStrategy$CreateQueryLookupStrategy.resolveQuery(JpaQueryLookupStrategy.java:107) ~[spring-data-jpa-2.3.2.RELEASE.jar:2.3.2.RELEASE]
	at org.springframework.data.jpa.repository.query.JpaQueryLookupStrategy$CreateIfNotFoundQueryLookupStrategy.resolveQuery(JpaQueryLookupStrategy.java:218) ~[spring-data-jpa-2.3.2.RELEASE.jar:2.3.2.RELEASE]
	at org.springframework.data.jpa.repository.query.JpaQueryLookupStrategy$AbstractQueryLookupStrategy.resolveQuery(JpaQueryLookupStrategy.java:81) ~[spring-data-jpa-2.3.2.RELEASE.jar:2.3.2.RELEASE]
	at org.springframework.data.repository.core.support.QueryExecutorMethodInterceptor.lookupQuery(QueryExecutorMethodInterceptor.java:99) ~[spring-data-commons-2.3.2.RELEASE.jar:2.3.2.RELEASE]
	at org.springframework.data.repository.core.support.QueryExecutorMethodInterceptor.lambda$mapMethodsToQuery$1(QueryExecutorMethodInterceptor.java:92) ~[spring-data-commons-2.3.2.RELEASE.jar:2.3.2.RELEASE]
	at java.util.stream.ReferencePipeline$3$1.accept(ReferencePipeline.java:195) ~[?:?]
	at java.util.Iterator.forEachRemaining(Iterator.java:133) ~[?:?]
	at java.util.Collections$UnmodifiableCollection$1.forEachRemaining(Collections.java:1054) ~[?:?]
	at java.util.Spliterators$IteratorSpliterator.forEachRemaining(Spliterators.java:1801) ~[?:?]
	at java.util.stream.AbstractPipeline.copyInto(AbstractPipeline.java:484) ~[?:?]
	at java.util.stream.AbstractPipeline.wrapAndCopyInto(AbstractPipeline.java:474) ~[?:?]
	at java.util.stream.ReduceOps$ReduceOp.evaluateSequential(ReduceOps.java:913) ~[?:?]
	at java.util.stream.AbstractPipeline.evaluate(AbstractPipeline.java:234) ~[?:?]
	at java.util.stream.ReferencePipeline.collect(ReferencePipeline.java:578) ~[?:?]
	at org.springframework.data.repository.core.support.QueryExecutorMethodInterceptor.mapMethodsToQuery(QueryExecutorMethodInterceptor.java:94) ~[spring-data-commons-2.3.2.RELEASE.jar:2.3.2.RELEASE]
	at org.springframework.data.repository.core.support.QueryExecutorMethodInterceptor.lambda$new$0(QueryExecutorMethodInterceptor.java:84) ~[spring-data-commons-2.3.2.RELEASE.jar:2.3.2.RELEASE]
	at java.util.Optional.map(Optional.java:265) ~[?:?]
	at org.springframework.data.repository.core.support.QueryExecutorMethodInterceptor.<init>(QueryExecutorMethodInterceptor.java:84) ~[spring-data-commons-2.3.2.RELEASE.jar:2.3.2.RELEASE]
	at org.springframework.data.repository.core.support.RepositoryFactorySupport.getRepository(RepositoryFactorySupport.java:331) ~[spring-data-commons-2.3.2.RELEASE.jar:2.3.2.RELEASE]
	at org.springframework.data.repository.core.support.RepositoryFactoryBeanSupport.lambda$afterPropertiesSet$5(RepositoryFactoryBeanSupport.java:297) ~[spring-data-commons-2.3.2.RELEASE.jar:2.3.2.RELEASE]
	at org.springframework.data.util.Lazy.getNullable(Lazy.java:212) ~[spring-data-commons-2.3.2.RELEASE.jar:2.3.2.RELEASE]
	at org.springframework.data.util.Lazy.get(Lazy.java:94) ~[spring-data-commons-2.3.2.RELEASE.jar:2.3.2.RELEASE]
	at org.springframework.data.repository.core.support.RepositoryFactoryBeanSupport.getObject(RepositoryFactoryBeanSupport.java:244) ~[spring-data-commons-2.3.2.RELEASE.jar:2.3.2.RELEASE]
	at org.springframework.data.repository.core.support.RepositoryFactoryBeanSupport.getObject(RepositoryFactoryBeanSupport.java:57) ~[spring-data-commons-2.3.2.RELEASE.jar:2.3.2.RELEASE]
	at org.springframework.beans.factory.support.FactoryBeanRegistrySupport.doGetObjectFromFactoryBean(FactoryBeanRegistrySupport.java:169) ~[spring-beans-5.2.8.RELEASE.jar:5.2.8.RELEASE]
	... 24 more
Caused by: org.springframework.data.mapping.PropertyReferenceException: No property status found for type RhAdmissionRetornoDocly!
	at org.springframework.data.mapping.PropertyPath.<init>(PropertyPath.java:94) ~[spring-data-commons-2.3.2.RELEASE.jar:2.3.2.RELEASE]
	at org.springframework.data.mapping.PropertyPath.create(PropertyPath.java:382) ~[spring-data-commons-2.3.2.RELEASE.jar:2.3.2.RELEASE]
	at org.springframework.data.mapping.PropertyPath.create(PropertyPath.java:358) ~[spring-data-commons-2.3.2.RELEASE.jar:2.3.2.RELEASE]
	at org.springframework.data.mapping.PropertyPath.lambda$from$0(PropertyPath.java:311) ~[spring-data-commons-2.3.2.RELEASE.jar:2.3.2.RELEASE]
	at java.util.concurrent.ConcurrentMap.computeIfAbsent(ConcurrentMap.java:330) ~[?:?]
	at org.springframework.data.mapping.PropertyPath.from(PropertyPath.java:293) ~[spring-data-commons-2.3.2.RELEASE.jar:2.3.2.RELEASE]
	at org.springframework.data.mapping.PropertyPath.from(PropertyPath.java:276) ~[spring-data-commons-2.3.2.RELEASE.jar:2.3.2.RELEASE]
	at org.springframework.data.repository.query.parser.Part.<init>(Part.java:82) ~[spring-data-commons-2.3.2.RELEASE.jar:2.3.2.RELEASE]
	at org.springframework.data.repository.query.parser.PartTree$OrPart.lambda$new$0(PartTree.java:251) ~[spring-data-commons-2.3.2.RELEASE.jar:2.3.2.RELEASE]
	at java.util.stream.ReferencePipeline$3$1.accept(ReferencePipeline.java:195) ~[?:?]
	at java.util.stream.ReferencePipeline$2$1.accept(ReferencePipeline.java:177) ~[?:?]
	at java.util.Spliterators$ArraySpliterator.forEachRemaining(Spliterators.java:948) ~[?:?]
	at java.util.stream.AbstractPipeline.copyInto(AbstractPipeline.java:484) ~[?:?]
	at java.util.stream.AbstractPipeline.wrapAndCopyInto(AbstractPipeline.java:474) ~[?:?]
	at java.util.stream.ReduceOps$ReduceOp.evaluateSequential(ReduceOps.java:913) ~[?:?]
	at java.util.stream.AbstractPipeline.evaluate(AbstractPipeline.java:234) ~[?:?]
	at java.util.stream.ReferencePipeline.collect(ReferencePipeline.java:578) ~[?:?]
	at org.springframework.data.repository.query.parser.PartTree$OrPart.<init>(PartTree.java:252) ~[spring-data-commons-2.3.2.RELEASE.jar:2.3.2.RELEASE]
	at org.springframework.data.repository.query.parser.PartTree$Predicate.lambda$new$0(PartTree.java:381) ~[spring-data-commons-2.3.2.RELEASE.jar:2.3.2.RELEASE]
	at java.util.stream.ReferencePipeline$3$1.accept(ReferencePipeline.java:195) ~[?:?]
	at java.util.stream.ReferencePipeline$2$1.accept(ReferencePipeline.java:177) ~[?:?]
	at java.util.Spliterators$ArraySpliterator.forEachRemaining(Spliterators.java:948) ~[?:?]
	at java.util.stream.AbstractPipeline.copyInto(AbstractPipeline.java:484) ~[?:?]
	at java.util.stream.AbstractPipeline.wrapAndCopyInto(AbstractPipeline.java:474) ~[?:?]
	at java.util.stream.ReduceOps$ReduceOp.evaluateSequential(ReduceOps.java:913) ~[?:?]
	at java.util.stream.AbstractPipeline.evaluate(AbstractPipeline.java:234) ~[?:?]
	at java.util.stream.ReferencePipeline.collect(ReferencePipeline.java:578) ~[?:?]
	at org.springframework.data.repository.query.parser.PartTree$Predicate.<init>(PartTree.java:382) ~[spring-data-commons-2.3.2.RELEASE.jar:2.3.2.RELEASE]
	at org.springframework.data.repository.query.parser.PartTree.<init>(PartTree.java:97) ~[spring-data-commons-2.3.2.RELEASE.jar:2.3.2.RELEASE]
	at org.springframework.data.jpa.repository.query.PartTreeJpaQuery.<init>(PartTreeJpaQuery.java:89) ~[spring-data-jpa-2.3.2.RELEASE.jar:2.3.2.RELEASE]
	at org.springframework.data.jpa.repository.query.JpaQueryLookupStrategy$CreateQueryLookupStrategy.resolveQuery(JpaQueryLookupStrategy.java:107) ~[spring-data-jpa-2.3.2.RELEASE.jar:2.3.2.RELEASE]
	at org.springframework.data.jpa.repository.query.JpaQueryLookupStrategy$CreateIfNotFoundQueryLookupStrategy.resolveQuery(JpaQueryLookupStrategy.java:218) ~[spring-data-jpa-2.3.2.RELEASE.jar:2.3.2.RELEASE]
	at org.springframework.data.jpa.repository.query.JpaQueryLookupStrategy$AbstractQueryLookupStrategy.resolveQuery(JpaQueryLookupStrategy.java:81) ~[spring-data-jpa-2.3.2.RELEASE.jar:2.3.2.RELEASE]
	at org.springframework.data.repository.core.support.QueryExecutorMethodInterceptor.lookupQuery(QueryExecutorMethodInterceptor.java:99) ~[spring-data-commons-2.3.2.RELEASE.jar:2.3.2.RELEASE]
	at org.springframework.data.repository.core.support.QueryExecutorMethodInterceptor.lambda$mapMethodsToQuery$1(QueryExecutorMethodInterceptor.java:92) ~[spring-data-commons-2.3.2.RELEASE.jar:2.3.2.RELEASE]
	at java.util.stream.ReferencePipeline$3$1.accept(ReferencePipeline.java:195) ~[?:?]
	at java.util.Iterator.forEachRemaining(Iterator.java:133) ~[?:?]
	at java.util.Collections$UnmodifiableCollection$1.forEachRemaining(Collections.java:1054) ~[?:?]
	at java.util.Spliterators$IteratorSpliterator.forEachRemaining(Spliterators.java:1801) ~[?:?]
	at java.util.stream.AbstractPipeline.copyInto(AbstractPipeline.java:484) ~[?:?]
	at java.util.stream.AbstractPipeline.wrapAndCopyInto(AbstractPipeline.java:474) ~[?:?]
	at java.util.stream.ReduceOps$ReduceOp.evaluateSequential(ReduceOps.java:913) ~[?:?]
	at java.util.stream.AbstractPipeline.evaluate(AbstractPipeline.java:234) ~[?:?]
	at java.util.stream.ReferencePipeline.collect(ReferencePipeline.java:578) ~[?:?]
	at org.springframework.data.repository.core.support.QueryExecutorMethodInterceptor.mapMethodsToQuery(QueryExecutorMethodInterceptor.java:94) ~[spring-data-commons-2.3.2.RELEASE.jar:2.3.2.RELEASE]
	at org.springframework.data.repository.core.support.QueryExecutorMethodInterceptor.lambda$new$0(QueryExecutorMethodInterceptor.java:84) ~[spring-data-commons-2.3.2.RELEASE.jar:2.3.2.RELEASE]
	at java.util.Optional.map(Optional.java:265) ~[?:?]
	at org.springframework.data.repository.core.support.QueryExecutorMethodInterceptor.<init>(QueryExecutorMethodInterceptor.java:84) ~[spring-data-commons-2.3.2.RELEASE.jar:2.3.2.RELEASE]
	at org.springframework.data.repository.core.support.RepositoryFactorySupport.getRepository(RepositoryFactorySupport.java:331) ~[spring-data-commons-2.3.2.RELEASE.jar:2.3.2.RELEASE]
	at org.springframework.data.repository.core.support.RepositoryFactoryBeanSupport.lambda$afterPropertiesSet$5(RepositoryFactoryBeanSupport.java:297) ~[spring-data-commons-2.3.2.RELEASE.jar:2.3.2.RELEASE]
	at org.springframework.data.util.Lazy.getNullable(Lazy.java:212) ~[spring-data-commons-2.3.2.RELEASE.jar:2.3.2.RELEASE]
	at org.springframework.data.util.Lazy.get(Lazy.java:94) ~[spring-data-commons-2.3.2.RELEASE.jar:2.3.2.RELEASE]
	at org.springframework.data.repository.core.support.RepositoryFactoryBeanSupport.getObject(RepositoryFactoryBeanSupport.java:244) ~[spring-data-commons-2.3.2.RELEASE.jar:2.3.2.RELEASE]
	at org.springframework.data.repository.core.support.RepositoryFactoryBeanSupport.getObject(RepositoryFactoryBeanSupport.java:57) ~[spring-data-commons-2.3.2.RELEASE.jar:2.3.2.RELEASE]
	at org.springframework.beans.factory.support.FactoryBeanRegistrySupport.doGetObjectFromFactoryBean(FactoryBeanRegistrySupport.java:169) ~[spring-beans-5.2.8.RELEASE.jar:5.2.8.RELEASE]
	... 24 more
2020-09-17T11:29:29,484 [main] INFO  (StartupInfoLogger.java:55) - Starting DigitalAdmissionIntegrationApplication on LAPTOP-7Q71JRRC with PID 14160 (C:\Cea\digital-admission-expurgo\target\classes started by 55119 in C:\Cea\digital-admission-expurgo)
2020-09-17T11:29:29,484 [main] INFO  (SpringApplication.java:655) - The following profiles are active: homo
2020-09-17T11:29:29,901 [main] INFO  (RepositoryConfigurationDelegate.java:127) - Bootstrapping Spring Data JPA repositories in DEFERRED mode.
2020-09-17T11:29:29,964 [main] INFO  (RepositoryConfigurationDelegate.java:187) - Finished Spring Data repository scanning in 46ms. Found 2 JPA repository interfaces.
2020-09-17T11:29:30,486 [main] INFO  (TomcatWebServer.java:108) - Tomcat initialized with port(s): 8080 (http)
2020-09-17T11:29:30,486 [main] INFO  (DirectJDKLog.java:173) - Initializing ProtocolHandler ["http-nio-8080"]
2020-09-17T11:29:30,486 [main] INFO  (DirectJDKLog.java:173) - Starting service [Tomcat]
2020-09-17T11:29:30,486 [main] INFO  (DirectJDKLog.java:173) - Starting Servlet engine: [Apache Tomcat/9.0.37]
2020-09-17T11:29:30,581 [main] INFO  (DirectJDKLog.java:173) - Initializing Spring embedded WebApplicationContext
2020-09-17T11:29:30,581 [main] INFO  (ServletWebServerApplicationContext.java:285) - Root WebApplicationContext: initialization completed in 1066 ms
2020-09-17T11:29:30,686 [main] INFO  (ExecutorConfigurationSupport.java:181) - Initializing ExecutorService 'applicationTaskExecutor'
2020-09-17T11:29:30,686 [main] INFO  (HikariDataSource.java:110) - HikariPool-1 - Starting...
2020-09-17T11:29:31,503 [main] INFO  (PoolBase.java:535) - HikariPool-1 - Driver does not support get/set network timeout for connections. (Receiver class oracle.jdbc.driver.T4CConnection does not define or inherit an implementation of the resolved method abstract getNetworkTimeout()I of interface java.sql.Connection.)
2020-09-17T11:29:31,550 [main] INFO  (HikariDataSource.java:123) - HikariPool-1 - Start completed.
2020-09-17T11:29:31,587 [task-1] INFO  (LogHelper.java:31) - HHH000204: Processing PersistenceUnitInfo [name: default]
2020-09-17T11:29:31,619 [main] WARN  (JpaBaseConfiguration.java:220) - spring.jpa.open-in-view is enabled by default. Therefore, database queries may be performed during view rendering. Explicitly configure spring.jpa.open-in-view to disable this warning
2020-09-17T11:29:31,634 [task-1] INFO  (Version.java:44) - HHH000412: Hibernate ORM core version 5.4.18.Final
2020-09-17T11:29:31,735 [task-1] INFO  (JavaReflectionManager.java:49) - HCANN000001: Hibernate Commons Annotations {5.1.0.Final}
2020-09-17T11:29:31,819 [task-1] INFO  (Dialect.java:172) - HHH000400: Using dialect: org.hibernate.dialect.Oracle10gDialect
2020-09-17T11:29:31,850 [main] INFO  (DirectJDKLog.java:173) - Starting ProtocolHandler ["http-nio-8080"]
2020-09-17T11:29:31,866 [main] INFO  (TomcatWebServer.java:220) - Tomcat started on port(s): 8080 (http) with context path ''
2020-09-17T11:29:31,866 [main] INFO  (DeferredRepositoryInitializationListener.java:49) - Triggering deferred initialization of Spring Data repositories…
2020-09-17T11:29:32,782 [task-1] INFO  (JtaPlatformInitiator.java:52) - HHH000490: Using JtaPlatform implementation: [org.hibernate.engine.transaction.jta.platform.internal.NoJtaPlatform]
2020-09-17T11:29:32,788 [task-1] INFO  (AbstractEntityManagerFactoryBean.java:416) - Initialized JPA EntityManagerFactory for persistence unit 'default'
2020-09-17T11:29:33,017 [main] INFO  (DeferredRepositoryInitializationListener.java:53) - Spring Data repositories initialized!
2020-09-17T11:29:33,142 [main] INFO  (StartupInfoLogger.java:61) - Started DigitalAdmissionIntegrationApplication in 3.808 seconds (JVM running for 4.554)
2020-09-17T11:29:33,142 [main] INFO  (DigitalAdmissionIntegrationApplication.java:30) - Start process: 2020-09-17T11:29:33.142619100
2020-09-17T11:29:33,158 [main] INFO  (ScheduledAdmissionJob.java:22) - ====> Start process search status -> Admitido: 2020-09-17T11:29:33.142619100
2020-09-17T11:29:33,322 [main] INFO  (ScheduledAdmissionJob.java:24) - ====> 1
2020-09-17T11:29:33,322 [main] INFO  (DigitalAdmissionIntegrationApplication.java:34) - ====> execute sucess 
2020-09-17T11:29:33,508 [SpringContextShutdownHook] INFO  (AbstractEntityManagerFactoryBean.java:598) - Closing JPA EntityManagerFactory for persistence unit 'default'
2020-09-17T11:29:33,508 [SpringContextShutdownHook] INFO  (ExecutorConfigurationSupport.java:218) - Shutting down ExecutorService 'applicationTaskExecutor'
2020-09-17T11:29:33,508 [SpringContextShutdownHook] INFO  (HikariDataSource.java:350) - HikariPool-1 - Shutdown initiated...
2020-09-17T11:29:33,907 [SpringContextShutdownHook] INFO  (HikariDataSource.java:352) - HikariPool-1 - Shutdown completed.
2020-09-17T08:40:02,346 [main] INFO  (StartupInfoLogger.java:55) - Starting DigitalAdmissionIntegrationApplication on LAPTOP-7Q71JRRC with PID 7880 (C:\Cea\digital-admission-expurgo\target\classes started by 55119 in C:\Cea\digital-admission-expurgo)
2020-09-17T08:40:02,346 [main] INFO  (SpringApplication.java:655) - The following profiles are active: homo
2020-09-17T08:40:02,761 [main] INFO  (RepositoryConfigurationDelegate.java:127) - Bootstrapping Spring Data JPA repositories in DEFERRED mode.
2020-09-17T08:40:02,799 [main] INFO  (RepositoryConfigurationDelegate.java:187) - Finished Spring Data repository scanning in 43ms. Found 2 JPA repository interfaces.
2020-09-17T08:40:03,341 [main] INFO  (TomcatWebServer.java:108) - Tomcat initialized with port(s): 8080 (http)
2020-09-17T08:40:03,341 [main] INFO  (DirectJDKLog.java:173) - Initializing ProtocolHandler ["http-nio-8080"]
2020-09-17T08:40:03,341 [main] INFO  (DirectJDKLog.java:173) - Starting service [Tomcat]
2020-09-17T08:40:03,341 [main] INFO  (DirectJDKLog.java:173) - Starting Servlet engine: [Apache Tomcat/9.0.37]
2020-09-17T08:40:03,431 [main] INFO  (DirectJDKLog.java:173) - Initializing Spring embedded WebApplicationContext
2020-09-17T08:40:03,431 [main] INFO  (ServletWebServerApplicationContext.java:285) - Root WebApplicationContext: initialization completed in 1048 ms
2020-09-17T08:40:03,546 [main] INFO  (ExecutorConfigurationSupport.java:181) - Initializing ExecutorService 'applicationTaskExecutor'
2020-09-17T08:40:03,546 [main] INFO  (HikariDataSource.java:110) - HikariPool-1 - Starting...
2020-09-17T08:40:04,286 [main] INFO  (PoolBase.java:535) - HikariPool-1 - Driver does not support get/set network timeout for connections. (Receiver class oracle.jdbc.driver.T4CConnection does not define or inherit an implementation of the resolved method abstract getNetworkTimeout()I of interface java.sql.Connection.)
2020-09-17T08:40:04,317 [main] INFO  (HikariDataSource.java:123) - HikariPool-1 - Start completed.
2020-09-17T08:40:04,364 [task-1] INFO  (LogHelper.java:31) - HHH000204: Processing PersistenceUnitInfo [name: default]
2020-09-17T08:40:04,386 [main] WARN  (JpaBaseConfiguration.java:220) - spring.jpa.open-in-view is enabled by default. Therefore, database queries may be performed during view rendering. Explicitly configure spring.jpa.open-in-view to disable this warning
2020-09-17T08:40:04,402 [task-1] INFO  (Version.java:44) - HHH000412: Hibernate ORM core version 5.4.18.Final
2020-09-17T08:40:04,486 [task-1] INFO  (JavaReflectionManager.java:49) - HCANN000001: Hibernate Commons Annotations {5.1.0.Final}
2020-09-17T08:40:04,586 [task-1] INFO  (Dialect.java:172) - HHH000400: Using dialect: org.hibernate.dialect.Oracle10gDialect
2020-09-17T08:40:04,618 [main] INFO  (DirectJDKLog.java:173) - Starting ProtocolHandler ["http-nio-8080"]
2020-09-17T08:40:04,636 [main] INFO  (TomcatWebServer.java:220) - Tomcat started on port(s): 8080 (http) with context path ''
2020-09-17T08:40:04,636 [main] INFO  (DeferredRepositoryInitializationListener.java:49) - Triggering deferred initialization of Spring Data repositories…
2020-09-17T08:40:05,472 [task-1] INFO  (JtaPlatformInitiator.java:52) - HHH000490: Using JtaPlatform implementation: [org.hibernate.engine.transaction.jta.platform.internal.NoJtaPlatform]
2020-09-17T08:40:05,488 [task-1] INFO  (AbstractEntityManagerFactoryBean.java:416) - Initialized JPA EntityManagerFactory for persistence unit 'default'
2020-09-17T08:40:05,719 [main] WARN  (AbstractApplicationContext.java:559) - Exception encountered during context initialization - cancelling refresh attempt: org.springframework.beans.factory.BeanCreationException: Error creating bean with name 'admiDigitalRetornoRepository': FactoryBean threw exception on object creation; nested exception is java.lang.IllegalArgumentException: Failed to create query for method public abstract java.util.List br.com.cea.admission.repository.AdmiDigitalRetornoRepository.findByCandidadtoId(java.lang.String)! No property candidadtoId found for type RhAdmissionRetornoDocly! Did you mean 'candidatoId'?
2020-09-17T08:40:05,719 [main] INFO  (AbstractEntityManagerFactoryBean.java:598) - Closing JPA EntityManagerFactory for persistence unit 'default'
2020-09-17T08:40:05,719 [main] INFO  (ExecutorConfigurationSupport.java:218) - Shutting down ExecutorService 'applicationTaskExecutor'
2020-09-17T08:40:05,719 [main] INFO  (HikariDataSource.java:350) - HikariPool-1 - Shutdown initiated...
2020-09-17T08:40:05,835 [main] INFO  (HikariDataSource.java:352) - HikariPool-1 - Shutdown completed.
2020-09-17T08:40:05,835 [main] INFO  (DirectJDKLog.java:173) - Pausing ProtocolHandler ["http-nio-8080"]
2020-09-17T08:40:06,034 [main] INFO  (DirectJDKLog.java:173) - Stopping service [Tomcat]
2020-09-17T08:40:06,034 [main] INFO  (DirectJDKLog.java:173) - Stopping ProtocolHandler ["http-nio-8080"]
2020-09-17T08:40:06,045 [main] INFO  (DirectJDKLog.java:173) - Destroying ProtocolHandler ["http-nio-8080"]
2020-09-17T08:40:06,034 [http-nio-8080-Acceptor] ERROR (DirectJDKLog.java:175) - Socket accept failed
java.nio.channels.AsynchronousCloseException: null
	at java.nio.channels.spi.AbstractInterruptibleChannel.end(AbstractInterruptibleChannel.java:202) ~[?:?]
	at sun.nio.ch.ServerSocketChannelImpl.end(ServerSocketChannelImpl.java:269) ~[?:?]
	at sun.nio.ch.ServerSocketChannelImpl.accept(ServerSocketChannelImpl.java:288) ~[?:?]
	at org.apache.tomcat.util.net.NioEndpoint.serverSocketAccept(NioEndpoint.java:468) ~[tomcat-embed-core-9.0.37.jar:9.0.37]
	at org.apache.tomcat.util.net.NioEndpoint.serverSocketAccept(NioEndpoint.java:71) ~[tomcat-embed-core-9.0.37.jar:9.0.37]
	at org.apache.tomcat.util.net.Acceptor.run(Acceptor.java:95) [tomcat-embed-core-9.0.37.jar:9.0.37]
	at java.lang.Thread.run(Thread.java:834) [?:?]
2020-09-17T08:40:06,050 [main] INFO  (ConditionEvaluationReportLoggingListener.java:136) - 

Error starting ApplicationContext. To display the conditions report re-run your application with 'debug' enabled.
2020-09-17T08:40:06,050 [main] ERROR (SpringApplication.java:837) - Application run failed
org.springframework.beans.factory.BeanCreationException: Error creating bean with name 'admiDigitalRetornoRepository': FactoryBean threw exception on object creation; nested exception is java.lang.IllegalArgumentException: Failed to create query for method public abstract java.util.List br.com.cea.admission.repository.AdmiDigitalRetornoRepository.findByCandidadtoId(java.lang.String)! No property candidadtoId found for type RhAdmissionRetornoDocly! Did you mean 'candidatoId'?
	at org.springframework.beans.factory.support.FactoryBeanRegistrySupport.doGetObjectFromFactoryBean(FactoryBeanRegistrySupport.java:176) ~[spring-beans-5.2.8.RELEASE.jar:5.2.8.RELEASE]
	at org.springframework.beans.factory.support.FactoryBeanRegistrySupport.getObjectFromFactoryBean(FactoryBeanRegistrySupport.java:101) ~[spring-beans-5.2.8.RELEASE.jar:5.2.8.RELEASE]
	at org.springframework.beans.factory.support.AbstractBeanFactory.getObjectForBeanInstance(AbstractBeanFactory.java:1827) ~[spring-beans-5.2.8.RELEASE.jar:5.2.8.RELEASE]
	at org.springframework.beans.factory.support.AbstractAutowireCapableBeanFactory.getObjectForBeanInstance(AbstractAutowireCapableBeanFactory.java:1265) ~[spring-beans-5.2.8.RELEASE.jar:5.2.8.RELEASE]
	at org.springframework.beans.factory.support.AbstractBeanFactory.doGetBean(AbstractBeanFactory.java:334) ~[spring-beans-5.2.8.RELEASE.jar:5.2.8.RELEASE]
	at org.springframework.beans.factory.support.AbstractBeanFactory.getBean(AbstractBeanFactory.java:202) ~[spring-beans-5.2.8.RELEASE.jar:5.2.8.RELEASE]
	at org.springframework.beans.factory.support.DefaultListableBeanFactory.getBeansOfType(DefaultListableBeanFactory.java:624) ~[spring-beans-5.2.8.RELEASE.jar:5.2.8.RELEASE]
	at org.springframework.beans.factory.support.DefaultListableBeanFactory.getBeansOfType(DefaultListableBeanFactory.java:612) ~[spring-beans-5.2.8.RELEASE.jar:5.2.8.RELEASE]
	at org.springframework.data.repository.config.DeferredRepositoryInitializationListener.onApplicationEvent(DeferredRepositoryInitializationListener.java:51) ~[spring-data-commons-2.3.2.RELEASE.jar:2.3.2.RELEASE]
	at org.springframework.data.repository.config.DeferredRepositoryInitializationListener.onApplicationEvent(DeferredRepositoryInitializationListener.java:36) ~[spring-data-commons-2.3.2.RELEASE.jar:2.3.2.RELEASE]
	at org.springframework.context.event.SimpleApplicationEventMulticaster.doInvokeListener(SimpleApplicationEventMulticaster.java:172) ~[spring-context-5.2.8.RELEASE.jar:5.2.8.RELEASE]
	at org.springframework.context.event.SimpleApplicationEventMulticaster.invokeListener(SimpleApplicationEventMulticaster.java:165) ~[spring-context-5.2.8.RELEASE.jar:5.2.8.RELEASE]
	at org.springframework.context.event.SimpleApplicationEventMulticaster.multicastEvent(SimpleApplicationEventMulticaster.java:139) ~[spring-context-5.2.8.RELEASE.jar:5.2.8.RELEASE]
	at org.springframework.context.support.AbstractApplicationContext.publishEvent(AbstractApplicationContext.java:404) ~[spring-context-5.2.8.RELEASE.jar:5.2.8.RELEASE]
	at org.springframework.context.support.AbstractApplicationContext.publishEvent(AbstractApplicationContext.java:361) ~[spring-context-5.2.8.RELEASE.jar:5.2.8.RELEASE]
	at org.springframework.context.support.AbstractApplicationContext.finishRefresh(AbstractApplicationContext.java:898) ~[spring-context-5.2.8.RELEASE.jar:5.2.8.RELEASE]
	at org.springframework.context.support.AbstractApplicationContext.refresh(AbstractApplicationContext.java:554) ~[spring-context-5.2.8.RELEASE.jar:5.2.8.RELEASE]
	at org.springframework.boot.web.servlet.context.ServletWebServerApplicationContext.refresh(ServletWebServerApplicationContext.java:143) ~[spring-boot-2.3.2.RELEASE.jar:2.3.2.RELEASE]
	at org.springframework.boot.SpringApplication.refresh(SpringApplication.java:758) ~[spring-boot-2.3.2.RELEASE.jar:2.3.2.RELEASE]
	at org.springframework.boot.SpringApplication.refresh(SpringApplication.java:750) [spring-boot-2.3.2.RELEASE.jar:2.3.2.RELEASE]
	at org.springframework.boot.SpringApplication.refreshContext(SpringApplication.java:397) [spring-boot-2.3.2.RELEASE.jar:2.3.2.RELEASE]
	at org.springframework.boot.SpringApplication.run(SpringApplication.java:315) [spring-boot-2.3.2.RELEASE.jar:2.3.2.RELEASE]
	at org.springframework.boot.SpringApplication.run(SpringApplication.java:1237) [spring-boot-2.3.2.RELEASE.jar:2.3.2.RELEASE]
	at org.springframework.boot.SpringApplication.run(SpringApplication.java:1226) [spring-boot-2.3.2.RELEASE.jar:2.3.2.RELEASE]
	at br.com.cea.admission.DigitalAdmissionIntegrationApplication.main(DigitalAdmissionIntegrationApplication.java:24) [classes/:?]
Caused by: java.lang.IllegalArgumentException: Failed to create query for method public abstract java.util.List br.com.cea.admission.repository.AdmiDigitalRetornoRepository.findByCandidadtoId(java.lang.String)! No property candidadtoId found for type RhAdmissionRetornoDocly! Did you mean 'candidatoId'?
	at org.springframework.data.jpa.repository.query.PartTreeJpaQuery.<init>(PartTreeJpaQuery.java:96) ~[spring-data-jpa-2.3.2.RELEASE.jar:2.3.2.RELEASE]
	at org.springframework.data.jpa.repository.query.JpaQueryLookupStrategy$CreateQueryLookupStrategy.resolveQuery(JpaQueryLookupStrategy.java:107) ~[spring-data-jpa-2.3.2.RELEASE.jar:2.3.2.RELEASE]
	at org.springframework.data.jpa.repository.query.JpaQueryLookupStrategy$CreateIfNotFoundQueryLookupStrategy.resolveQuery(JpaQueryLookupStrategy.java:218) ~[spring-data-jpa-2.3.2.RELEASE.jar:2.3.2.RELEASE]
	at org.springframework.data.jpa.repository.query.JpaQueryLookupStrategy$AbstractQueryLookupStrategy.resolveQuery(JpaQueryLookupStrategy.java:81) ~[spring-data-jpa-2.3.2.RELEASE.jar:2.3.2.RELEASE]
	at org.springframework.data.repository.core.support.QueryExecutorMethodInterceptor.lookupQuery(QueryExecutorMethodInterceptor.java:99) ~[spring-data-commons-2.3.2.RELEASE.jar:2.3.2.RELEASE]
	at org.springframework.data.repository.core.support.QueryExecutorMethodInterceptor.lambda$mapMethodsToQuery$1(QueryExecutorMethodInterceptor.java:92) ~[spring-data-commons-2.3.2.RELEASE.jar:2.3.2.RELEASE]
	at java.util.stream.ReferencePipeline$3$1.accept(ReferencePipeline.java:195) ~[?:?]
	at java.util.Iterator.forEachRemaining(Iterator.java:133) ~[?:?]
	at java.util.Collections$UnmodifiableCollection$1.forEachRemaining(Collections.java:1054) ~[?:?]
	at java.util.Spliterators$IteratorSpliterator.forEachRemaining(Spliterators.java:1801) ~[?:?]
	at java.util.stream.AbstractPipeline.copyInto(AbstractPipeline.java:484) ~[?:?]
	at java.util.stream.AbstractPipeline.wrapAndCopyInto(AbstractPipeline.java:474) ~[?:?]
	at java.util.stream.ReduceOps$ReduceOp.evaluateSequential(ReduceOps.java:913) ~[?:?]
	at java.util.stream.AbstractPipeline.evaluate(AbstractPipeline.java:234) ~[?:?]
	at java.util.stream.ReferencePipeline.collect(ReferencePipeline.java:578) ~[?:?]
	at org.springframework.data.repository.core.support.QueryExecutorMethodInterceptor.mapMethodsToQuery(QueryExecutorMethodInterceptor.java:94) ~[spring-data-commons-2.3.2.RELEASE.jar:2.3.2.RELEASE]
	at org.springframework.data.repository.core.support.QueryExecutorMethodInterceptor.lambda$new$0(QueryExecutorMethodInterceptor.java:84) ~[spring-data-commons-2.3.2.RELEASE.jar:2.3.2.RELEASE]
	at java.util.Optional.map(Optional.java:265) ~[?:?]
	at org.springframework.data.repository.core.support.QueryExecutorMethodInterceptor.<init>(QueryExecutorMethodInterceptor.java:84) ~[spring-data-commons-2.3.2.RELEASE.jar:2.3.2.RELEASE]
	at org.springframework.data.repository.core.support.RepositoryFactorySupport.getRepository(RepositoryFactorySupport.java:331) ~[spring-data-commons-2.3.2.RELEASE.jar:2.3.2.RELEASE]
	at org.springframework.data.repository.core.support.RepositoryFactoryBeanSupport.lambda$afterPropertiesSet$5(RepositoryFactoryBeanSupport.java:297) ~[spring-data-commons-2.3.2.RELEASE.jar:2.3.2.RELEASE]
	at org.springframework.data.util.Lazy.getNullable(Lazy.java:212) ~[spring-data-commons-2.3.2.RELEASE.jar:2.3.2.RELEASE]
	at org.springframework.data.util.Lazy.get(Lazy.java:94) ~[spring-data-commons-2.3.2.RELEASE.jar:2.3.2.RELEASE]
	at org.springframework.data.repository.core.support.RepositoryFactoryBeanSupport.getObject(RepositoryFactoryBeanSupport.java:244) ~[spring-data-commons-2.3.2.RELEASE.jar:2.3.2.RELEASE]
	at org.springframework.data.repository.core.support.RepositoryFactoryBeanSupport.getObject(RepositoryFactoryBeanSupport.java:57) ~[spring-data-commons-2.3.2.RELEASE.jar:2.3.2.RELEASE]
	at org.springframework.beans.factory.support.FactoryBeanRegistrySupport.doGetObjectFromFactoryBean(FactoryBeanRegistrySupport.java:169) ~[spring-beans-5.2.8.RELEASE.jar:5.2.8.RELEASE]
	... 24 more
Caused by: org.springframework.data.mapping.PropertyReferenceException: No property candidadtoId found for type RhAdmissionRetornoDocly! Did you mean 'candidatoId'?
	at org.springframework.data.mapping.PropertyPath.<init>(PropertyPath.java:94) ~[spring-data-commons-2.3.2.RELEASE.jar:2.3.2.RELEASE]
	at org.springframework.data.mapping.PropertyPath.create(PropertyPath.java:382) ~[spring-data-commons-2.3.2.RELEASE.jar:2.3.2.RELEASE]
	at org.springframework.data.mapping.PropertyPath.create(PropertyPath.java:358) ~[spring-data-commons-2.3.2.RELEASE.jar:2.3.2.RELEASE]
	at org.springframework.data.mapping.PropertyPath.lambda$from$0(PropertyPath.java:311) ~[spring-data-commons-2.3.2.RELEASE.jar:2.3.2.RELEASE]
	at java.util.concurrent.ConcurrentMap.computeIfAbsent(ConcurrentMap.java:330) ~[?:?]
	at org.springframework.data.mapping.PropertyPath.from(PropertyPath.java:293) ~[spring-data-commons-2.3.2.RELEASE.jar:2.3.2.RELEASE]
	at org.springframework.data.mapping.PropertyPath.from(PropertyPath.java:276) ~[spring-data-commons-2.3.2.RELEASE.jar:2.3.2.RELEASE]
	at org.springframework.data.repository.query.parser.Part.<init>(Part.java:82) ~[spring-data-commons-2.3.2.RELEASE.jar:2.3.2.RELEASE]
	at org.springframework.data.repository.query.parser.PartTree$OrPart.lambda$new$0(PartTree.java:251) ~[spring-data-commons-2.3.2.RELEASE.jar:2.3.2.RELEASE]
	at java.util.stream.ReferencePipeline$3$1.accept(ReferencePipeline.java:195) ~[?:?]
	at java.util.stream.ReferencePipeline$2$1.accept(ReferencePipeline.java:177) ~[?:?]
	at java.util.Spliterators$ArraySpliterator.forEachRemaining(Spliterators.java:948) ~[?:?]
	at java.util.stream.AbstractPipeline.copyInto(AbstractPipeline.java:484) ~[?:?]
	at java.util.stream.AbstractPipeline.wrapAndCopyInto(AbstractPipeline.java:474) ~[?:?]
	at java.util.stream.ReduceOps$ReduceOp.evaluateSequential(ReduceOps.java:913) ~[?:?]
	at java.util.stream.AbstractPipeline.evaluate(AbstractPipeline.java:234) ~[?:?]
	at java.util.stream.ReferencePipeline.collect(ReferencePipeline.java:578) ~[?:?]
	at org.springframework.data.repository.query.parser.PartTree$OrPart.<init>(PartTree.java:252) ~[spring-data-commons-2.3.2.RELEASE.jar:2.3.2.RELEASE]
	at org.springframework.data.repository.query.parser.PartTree$Predicate.lambda$new$0(PartTree.java:381) ~[spring-data-commons-2.3.2.RELEASE.jar:2.3.2.RELEASE]
	at java.util.stream.ReferencePipeline$3$1.accept(ReferencePipeline.java:195) ~[?:?]
	at java.util.stream.ReferencePipeline$2$1.accept(ReferencePipeline.java:177) ~[?:?]
	at java.util.Spliterators$ArraySpliterator.forEachRemaining(Spliterators.java:948) ~[?:?]
	at java.util.stream.AbstractPipeline.copyInto(AbstractPipeline.java:484) ~[?:?]
	at java.util.stream.AbstractPipeline.wrapAndCopyInto(AbstractPipeline.java:474) ~[?:?]
	at java.util.stream.ReduceOps$ReduceOp.evaluateSequential(ReduceOps.java:913) ~[?:?]
	at java.util.stream.AbstractPipeline.evaluate(AbstractPipeline.java:234) ~[?:?]
	at java.util.stream.ReferencePipeline.collect(ReferencePipeline.java:578) ~[?:?]
	at org.springframework.data.repository.query.parser.PartTree$Predicate.<init>(PartTree.java:382) ~[spring-data-commons-2.3.2.RELEASE.jar:2.3.2.RELEASE]
	at org.springframework.data.repository.query.parser.PartTree.<init>(PartTree.java:97) ~[spring-data-commons-2.3.2.RELEASE.jar:2.3.2.RELEASE]
	at org.springframework.data.jpa.repository.query.PartTreeJpaQuery.<init>(PartTreeJpaQuery.java:89) ~[spring-data-jpa-2.3.2.RELEASE.jar:2.3.2.RELEASE]
	at org.springframework.data.jpa.repository.query.JpaQueryLookupStrategy$CreateQueryLookupStrategy.resolveQuery(JpaQueryLookupStrategy.java:107) ~[spring-data-jpa-2.3.2.RELEASE.jar:2.3.2.RELEASE]
	at org.springframework.data.jpa.repository.query.JpaQueryLookupStrategy$CreateIfNotFoundQueryLookupStrategy.resolveQuery(JpaQueryLookupStrategy.java:218) ~[spring-data-jpa-2.3.2.RELEASE.jar:2.3.2.RELEASE]
	at org.springframework.data.jpa.repository.query.JpaQueryLookupStrategy$AbstractQueryLookupStrategy.resolveQuery(JpaQueryLookupStrategy.java:81) ~[spring-data-jpa-2.3.2.RELEASE.jar:2.3.2.RELEASE]
	at org.springframework.data.repository.core.support.QueryExecutorMethodInterceptor.lookupQuery(QueryExecutorMethodInterceptor.java:99) ~[spring-data-commons-2.3.2.RELEASE.jar:2.3.2.RELEASE]
	at org.springframework.data.repository.core.support.QueryExecutorMethodInterceptor.lambda$mapMethodsToQuery$1(QueryExecutorMethodInterceptor.java:92) ~[spring-data-commons-2.3.2.RELEASE.jar:2.3.2.RELEASE]
	at java.util.stream.ReferencePipeline$3$1.accept(ReferencePipeline.java:195) ~[?:?]
	at java.util.Iterator.forEachRemaining(Iterator.java:133) ~[?:?]
	at java.util.Collections$UnmodifiableCollection$1.forEachRemaining(Collections.java:1054) ~[?:?]
	at java.util.Spliterators$IteratorSpliterator.forEachRemaining(Spliterators.java:1801) ~[?:?]
	at java.util.stream.AbstractPipeline.copyInto(AbstractPipeline.java:484) ~[?:?]
	at java.util.stream.AbstractPipeline.wrapAndCopyInto(AbstractPipeline.java:474) ~[?:?]
	at java.util.stream.ReduceOps$ReduceOp.evaluateSequential(ReduceOps.java:913) ~[?:?]
	at java.util.stream.AbstractPipeline.evaluate(AbstractPipeline.java:234) ~[?:?]
	at java.util.stream.ReferencePipeline.collect(ReferencePipeline.java:578) ~[?:?]
	at org.springframework.data.repository.core.support.QueryExecutorMethodInterceptor.mapMethodsToQuery(QueryExecutorMethodInterceptor.java:94) ~[spring-data-commons-2.3.2.RELEASE.jar:2.3.2.RELEASE]
	at org.springframework.data.repository.core.support.QueryExecutorMethodInterceptor.lambda$new$0(QueryExecutorMethodInterceptor.java:84) ~[spring-data-commons-2.3.2.RELEASE.jar:2.3.2.RELEASE]
	at java.util.Optional.map(Optional.java:265) ~[?:?]
	at org.springframework.data.repository.core.support.QueryExecutorMethodInterceptor.<init>(QueryExecutorMethodInterceptor.java:84) ~[spring-data-commons-2.3.2.RELEASE.jar:2.3.2.RELEASE]
	at org.springframework.data.repository.core.support.RepositoryFactorySupport.getRepository(RepositoryFactorySupport.java:331) ~[spring-data-commons-2.3.2.RELEASE.jar:2.3.2.RELEASE]
	at org.springframework.data.repository.core.support.RepositoryFactoryBeanSupport.lambda$afterPropertiesSet$5(RepositoryFactoryBeanSupport.java:297) ~[spring-data-commons-2.3.2.RELEASE.jar:2.3.2.RELEASE]
	at org.springframework.data.util.Lazy.getNullable(Lazy.java:212) ~[spring-data-commons-2.3.2.RELEASE.jar:2.3.2.RELEASE]
	at org.springframework.data.util.Lazy.get(Lazy.java:94) ~[spring-data-commons-2.3.2.RELEASE.jar:2.3.2.RELEASE]
	at org.springframework.data.repository.core.support.RepositoryFactoryBeanSupport.getObject(RepositoryFactoryBeanSupport.java:244) ~[spring-data-commons-2.3.2.RELEASE.jar:2.3.2.RELEASE]
	at org.springframework.data.repository.core.support.RepositoryFactoryBeanSupport.getObject(RepositoryFactoryBeanSupport.java:57) ~[spring-data-commons-2.3.2.RELEASE.jar:2.3.2.RELEASE]
	at org.springframework.beans.factory.support.FactoryBeanRegistrySupport.doGetObjectFromFactoryBean(FactoryBeanRegistrySupport.java:169) ~[spring-beans-5.2.8.RELEASE.jar:5.2.8.RELEASE]
	... 24 more
2020-09-17T08:41:40,082 [main] INFO  (StartupInfoLogger.java:55) - Starting DigitalAdmissionIntegrationApplication on LAPTOP-7Q71JRRC with PID 13256 (C:\Cea\digital-admission-expurgo\target\classes started by 55119 in C:\Cea\digital-admission-expurgo)
2020-09-17T08:41:40,098 [main] INFO  (SpringApplication.java:655) - The following profiles are active: homo
2020-09-17T08:41:40,521 [main] INFO  (RepositoryConfigurationDelegate.java:127) - Bootstrapping Spring Data JPA repositories in DEFERRED mode.
2020-09-17T08:41:40,584 [main] INFO  (RepositoryConfigurationDelegate.java:187) - Finished Spring Data repository scanning in 47ms. Found 2 JPA repository interfaces.
2020-09-17T08:41:41,121 [main] INFO  (TomcatWebServer.java:108) - Tomcat initialized with port(s): 8080 (http)
2020-09-17T08:41:41,137 [main] INFO  (DirectJDKLog.java:173) - Initializing ProtocolHandler ["http-nio-8080"]
2020-09-17T08:41:41,137 [main] INFO  (DirectJDKLog.java:173) - Starting service [Tomcat]
2020-09-17T08:41:41,137 [main] INFO  (DirectJDKLog.java:173) - Starting Servlet engine: [Apache Tomcat/9.0.37]
2020-09-17T08:41:41,222 [main] INFO  (DirectJDKLog.java:173) - Initializing Spring embedded WebApplicationContext
2020-09-17T08:41:41,222 [main] INFO  (ServletWebServerApplicationContext.java:285) - Root WebApplicationContext: initialization completed in 1102 ms
2020-09-17T08:41:41,337 [main] INFO  (ExecutorConfigurationSupport.java:181) - Initializing ExecutorService 'applicationTaskExecutor'
2020-09-17T08:41:41,337 [main] INFO  (HikariDataSource.java:110) - HikariPool-1 - Starting...
2020-09-17T08:41:42,239 [main] INFO  (PoolBase.java:535) - HikariPool-1 - Driver does not support get/set network timeout for connections. (Receiver class oracle.jdbc.driver.T4CConnection does not define or inherit an implementation of the resolved method abstract getNetworkTimeout()I of interface java.sql.Connection.)
2020-09-17T08:41:42,254 [main] INFO  (HikariDataSource.java:123) - HikariPool-1 - Start completed.
2020-09-17T08:41:42,301 [task-1] INFO  (LogHelper.java:31) - HHH000204: Processing PersistenceUnitInfo [name: default]
2020-09-17T08:41:42,323 [main] WARN  (JpaBaseConfiguration.java:220) - spring.jpa.open-in-view is enabled by default. Therefore, database queries may be performed during view rendering. Explicitly configure spring.jpa.open-in-view to disable this warning
2020-09-17T08:41:42,339 [task-1] INFO  (Version.java:44) - HHH000412: Hibernate ORM core version 5.4.18.Final
2020-09-17T08:41:42,423 [task-1] INFO  (JavaReflectionManager.java:49) - HCANN000001: Hibernate Commons Annotations {5.1.0.Final}
2020-09-17T08:41:42,523 [task-1] INFO  (Dialect.java:172) - HHH000400: Using dialect: org.hibernate.dialect.Oracle10gDialect
2020-09-17T08:41:42,555 [main] INFO  (DirectJDKLog.java:173) - Starting ProtocolHandler ["http-nio-8080"]
2020-09-17T08:41:42,572 [main] INFO  (TomcatWebServer.java:220) - Tomcat started on port(s): 8080 (http) with context path ''
2020-09-17T08:41:42,572 [main] INFO  (DeferredRepositoryInitializationListener.java:49) - Triggering deferred initialization of Spring Data repositories…
2020-09-17T08:41:43,387 [task-1] INFO  (JtaPlatformInitiator.java:52) - HHH000490: Using JtaPlatform implementation: [org.hibernate.engine.transaction.jta.platform.internal.NoJtaPlatform]
2020-09-17T08:41:43,387 [task-1] INFO  (AbstractEntityManagerFactoryBean.java:416) - Initialized JPA EntityManagerFactory for persistence unit 'default'
2020-09-17T08:41:43,602 [main] INFO  (DeferredRepositoryInitializationListener.java:53) - Spring Data repositories initialized!
2020-09-17T08:41:43,618 [main] INFO  (StartupInfoLogger.java:61) - Started DigitalAdmissionIntegrationApplication in 3.801 seconds (JVM running for 4.449)
2020-09-17T08:41:43,624 [main] INFO  (DigitalAdmissionIntegrationApplication.java:30) - Start process: 2020-09-17T08:41:43.624687300
2020-09-17T08:41:43,624 [main] INFO  (ScheduledAdmissionJob.java:22) - ====> Start process search status -> Admitido: 2020-09-17T08:41:43.624687300
2020-09-17T08:41:43,838 [main] INFO  (ScheduledAdmissionJob.java:24) - ====> candidato id: 5f40237ee1371703e5e49dc3
2020-09-17T08:41:43,936 [main] INFO  (ScheduledAdmissionJob.java:26) - ====> candidato id | cpf: 5f40237ee1371703e5e49dc3 | 228.314.098-61
2020-09-17T08:41:43,936 [main] INFO  (DigitalAdmissionIntegrationApplication.java:34) - ====> execute sucess 
2020-09-17T08:41:44,090 [SpringContextShutdownHook] INFO  (AbstractEntityManagerFactoryBean.java:598) - Closing JPA EntityManagerFactory for persistence unit 'default'
2020-09-17T08:41:44,093 [SpringContextShutdownHook] INFO  (ExecutorConfigurationSupport.java:218) - Shutting down ExecutorService 'applicationTaskExecutor'
2020-09-17T08:41:44,093 [SpringContextShutdownHook] INFO  (HikariDataSource.java:350) - HikariPool-1 - Shutdown initiated...
2020-09-17T08:41:44,316 [SpringContextShutdownHook] INFO  (HikariDataSource.java:352) - HikariPool-1 - Shutdown completed.
